<?xml version="1.0" encoding="UTF-8"?>
<!-- Generated by org.testng.reporters.JUnitReportReporter -->
<testsuite skipped="0" hostname="DESKTOP-D4C2Q7J" name="com.test.SearchBookToolQa" tests="1" failures="0" timestamp="2021-10-02T19:44:26 IST" time="14.396" errors="0">
  <testcase name="SearchBook" time="14.396" classname="com.test.SearchBookToolQa"/>
  <system-out/>
</testsuite> <!-- com.test.SearchBookToolQa -->
